Collection status has changed. 1
Collection has been started.
Collection has stopped. Application exit code:  -1073740791
Finalizing results
Finalizing the result
Clearing the database
The database has been cleared, elapsed time is 0.826 seconds.
Loading raw data to the database
Loading 'systemcollector-9768-PCN204-02.fit.vutbr.cz.sc' file
Loading '3664-10736.0.trace' file
Error: Cannot load data file `C:\Users\xbobol00\Downloads\ITU-Lab-Starter\WPFWeather.App\My Advisor Results - WPFWeather.App\e000\hs000\data.0\3664-10736.0.trace' (Data file is corrupted).
Updating precomputed scalar metrics
Raw data has been loaded to the database, elapsed time is 0.784 seconds.
Processing profile metrics and debug information
Data transformations have been finished, elapsed time is 0.016 seconds.
Setting data model parameters
Resolving module symbols
Resolving call target names for dynamic code
Symbol resolution has been finished, elapsed time is 0.384 seconds.
Processing profile metrics and debug information
Error: Error 0x4000002a (Database interface error) -- Cannot run data transformation `Add Fake Loop Data'.
Deferred data transformations have been finished, elapsed time is 0.012 seconds.
Setting data model parameters
Data model parameters have been set, elapsed time is 0.058 seconds.
Precomputing frequently used data
Precomputing frequently used data
Updating precomputed scalar metrics
Precomputing frequently used data has been finished, elapsed time is 0.050 seconds.
Discarding redundant overtime data
Saving the result
Redundant overtime data has been discarded, elapsed time is 0.006 seconds.
Raw collector data has been discarded, elapsed time is 0.000 seconds.
Finalizing the result took 4.743 seconds.
Preparing data for display of survey call tree
Resolving module symbols
Resolving call target names for dynamic code
Precomputing frequently used data
