148 [11116] INFO perfrun.launcher <> - Launcher main begin
161 [11116] INFO perfrun.launcher <> - MessageCatalogInit finished
161 [11116] INFO perfrun.launcher <> - Launcher instance created
161 [11116] INFO perfrun.launcher <> - argc = 6; cmdline = C:\Program Files (x86)\Intel\oneAPI\advisor\2021.3.0\bin64\advixe-runss.exe --ui-output-format xml --ui-output-fd 3492 --context-value-list 
198 [11116] INFO perfrun.launcher <> - New signal handler callback was added
276 [11116] INFO perfrun.launcher <> - create msngr2::ICliToolContext
276 [11116] INFO perfrun.launcher <> - create file finder object
292 [11116] INFO perfrun.launcher <> - Put into the variant bag the context value: name = targetOS; value = Windows
292 [11116] INFO perfrun.launcher <> - Put into the variant bag the context value: name = OS; value = Windows
292 [11116] INFO perfrun.launcher <> - Put into the variant bag the context value: name = OSBuildNumber; value = 19043
292 [11116] INFO perfrun.launcher <> - Put into the variant bag the context value: name = OSBitness; value = 64
292 [11116] INFO perfrun.launcher <> - Put into the variant bag the context value: name = AdministratorPrivileges; value = false
292 [11116] INFO perfrun.launcher <> - Put into the variant bag the context value: name = isPtraceScopeLimited; value = false
292 [11116] INFO perfrun.launcher <> - Put into the variant bag the context value: name = isCATSupportedByCPU; value = false
292 [11116] INFO perfrun.launcher <> - Put into the variant bag the context value: name = isL3MonitoringSupportedByCPU; value = false
293 [11116] INFO perfrun.launcher <> - Put into the variant bag the context value: name = isTSXAvailable; value = false
293 [11116] INFO perfrun.launcher <> - Put into the variant bag the context value: name = isPTAvailable; value = false
293 [11116] INFO perfrun.launcher <> - Put into the variant bag the context value: name = isHTEnabled; value = true
294 [11116] INFO perfrun.launcher <> - Put into the variant bag the context value: name = fpgaOnBoard; value = None
294 [11116] INFO perfrun.launcher <> - Put into the variant bag the context value: name = omniPathOnBoard; value = None
294 [11116] INFO perfrun.launcher <> - Put into the variant bag the context value: name = pciClassParts; value = 
294 [11116] INFO perfrun.launcher <> - Put into the variant bag the context value: name = isSGXAvailable; value = false
294 [11116] INFO perfrun.launcher <> - Put into the variant bag the context value: name = Hypervisor; value = None
294 [11116] INFO perfrun.launcher <> - Put into the variant bag the context value: name = PerfmonVersion; value = 3
294 [11116] INFO perfrun.launcher <> - Put into the variant bag the context value: name = isMaxDRAMBandwidthMeasurementSupported; value = false
294 [11116] INFO perfrun.launcher <> - Put into the variant bag the context value: name = tidValuesForIO; value = 
294 [11116] INFO perfrun.launcher <> - Put into the variant bag the context value: name = preferedGpuAdapter; value = 0:0:2.0
295 [11116] INFO perfrun.launcher <> - Put into the variant bag the context value: name = gpuAdapterNameList; value = 0:0:2.0|Intel(R) HD Graphics 4000;
295 [11116] INFO perfrun.launcher <> - Put into the variant bag the context value: name = gpuAdapterTileNameList; value = 
295 [11116] INFO perfrun.launcher <> - Put into the variant bag the context value: name = areGpuHardwareMetricsAvailableList; value = 0:0:2.0|true;
295 [11116] INFO perfrun.launcher <> - Put into the variant bag the context value: name = gpuPlatformIndexList; value = 0:0:2.0|4;
295 [11116] INFO perfrun.launcher <> - Put into the variant bag the context value: name = isTPSSAvailable; value = true
295 [11116] INFO perfrun.launcher <> - Put into the variant bag the context value: name = isPytraceAvailable; value = true
295 [11116] INFO perfrun.launcher <> - Put into the variant bag the context value: name = isGENDebugInfoAvailableList; value = 0:0:2.0|false;
296 [11116] INFO perfrun.launcher <> - Put into the variant bag the context value: name = isGTPinCollectionAvailableList; value = 0:0:2.0|ErrorUnsupportedHardware;
296 [11116] INFO perfrun.launcher <> - Put into the variant bag the context value: name = forceShowInlines; value = false
297 [11116] INFO perfrun.launcher <> - Application exit code: 0
297 [11116] INFO perfrun.launcher <> - Exit code: 0
